<?xml version="1.0" encoding="UTF-8"?>
<!-- Generated by org.testng.reporters.JUnitXMLReporter -->
<testsuite ignored="7" hostname="DESKTOP-KQ50DMK" failures="1" tests="1" name="Default test" time="0.044" errors="0" timestamp="2024-11-25T10:25:38 WET">
  <testcase classname="magentoDemoSteps.steps.MagentoDemoSteps" name="i_enter_an_or" time="0.0">
    <failure type="org.testng.TestNGException" message="
Cannot inject @Test annotated Method [i_enter_an_or] with [class java.lang.String, class java.lang.String].
For more information on native dependency injection please refer to https://testng.org/doc/documentation-main.html#native-dependency-injection">
      <![CDATA[org.testng.TestNGException: 
Cannot inject @Test annotated Method [i_enter_an_or] with [class java.lang.String, class java.lang.String].
For more information on native dependency injection please refer to https://testng.org/doc/documentation-main.html#native-dependency-injection
at org.testng.internal.Parameters.checkParameterTypes(Parameters.java:436)
at org.testng.internal.Parameters.createParametersForMethod(Parameters.java:350)
at org.testng.internal.Parameters.createParameters(Parameters.java:693)
at org.testng.internal.Parameters.handleParameters(Parameters.java:879)
at org.testng.internal.Parameters.handleParameters(Parameters.java:728)
at org.testng.internal.invokers.ParameterHandler.handleParameters(ParameterHandler.java:72)
at org.testng.internal.invokers.ParameterHandler.createParameters(ParameterHandler.java:51)
at org.testng.internal.invokers.TestInvoker$MethodInvocationAgent.invoke(TestInvoker.java:924)
at org.testng.internal.invokers.TestInvoker.invokeTestMethods(TestInvoker.java:194)
at org.testng.internal.invokers.TestMethodWorker.invokeTestMethods(TestMethodWorker.java:148)
at org.testng.internal.invokers.TestMethodWorker.run(TestMethodWorker.java:128)
at java.base/java.util.ArrayList.forEach(ArrayList.java:1596)
at org.testng.TestRunner.privateRun(TestRunner.java:829)
at org.testng.TestRunner.run(TestRunner.java:602)
at org.testng.SuiteRunner.runTest(SuiteRunner.java:437)
at org.testng.SuiteRunner.runSequentially(SuiteRunner.java:431)
at org.testng.SuiteRunner.privateRun(SuiteRunner.java:391)
at org.testng.SuiteRunner.run(SuiteRunner.java:330)
at org.testng.SuiteRunnerWorker.runSuite(SuiteRunnerWorker.java:52)
at org.testng.SuiteRunnerWorker.run(SuiteRunnerWorker.java:95)
at org.testng.TestNG.runSuitesSequentially(TestNG.java:1256)
at org.testng.TestNG.runSuitesLocally(TestNG.java:1176)
at org.testng.TestNG.runSuites(TestNG.java:1099)
at org.testng.TestNG.run(TestNG.java:1067)
at org.testng.remote.AbstractRemoteTestNG.run(AbstractRemoteTestNG.java:115)
at org.testng.remote.RemoteTestNG.initAndRun(RemoteTestNG.java:293)
at org.testng.remote.RemoteTestNG.main(RemoteTestNG.java:91)
]]>
    </failure>
  </testcase> <!-- i_enter_an_or -->
  <testcase classname="magentoDemoSteps.steps.MagentoDemoSteps" name="i_enter_a_valid_email_and_password" time="0.0">
    <ignored/>
  </testcase> <!-- i_enter_a_valid_email_and_password -->
  <testcase classname="magentoDemoSteps.steps.MagentoDemoSteps" name="i_should_see_my_account_dashboard" time="0.0">
    <ignored/>
  </testcase> <!-- i_should_see_my_account_dashboard -->
  <testcase classname="magentoDemoSteps.steps.MagentoDemoSteps" name="closeBrowser" time="0.0">
    <ignored/>
  </testcase> <!-- closeBrowser -->
  <testcase classname="magentoDemoSteps.steps.MagentoDemoSteps" name="i_should_see_an_error_message" time="0.0">
    <ignored/>
  </testcase> <!-- i_should_see_an_error_message -->
  <testcase classname="magentoDemoSteps.steps.MagentoDemoSteps" name="i_navigate_to_the_magento_demo_mageplaza_com_login_page" time="0.0">
    <ignored/>
  </testcase> <!-- i_navigate_to_the_magento_demo_mageplaza_com_login_page -->
  <testcase classname="magentoDemoSteps.steps.MagentoDemoSteps" name="i_click_the_signin_button" time="0.0">
    <ignored/>
  </testcase> <!-- i_click_the_signin_button -->
  <testcase classname="magentoDemoSteps.steps.MagentoDemoSteps" name="i_have_selenium_using" time="0.0">
    <ignored/>
  </testcase> <!-- i_have_selenium_using -->
</testsuite> <!-- Default test -->
